<?xml version="1.0" encoding="UTF-8"?>
<!-- Generated by org.testng.reporters.JUnitReportReporter -->
<testsuite skipped="0" hostname="SHARU-PC" name="Authentication_Package.login" tests="1" failures="0" timestamp="2022-02-20T17:52:23 IST" time="49.981" errors="0">
  <testcase name="signin" time="49.981" classname="Authentication_Package.login"/>
  <system-out/>
</testsuite> <!-- Authentication_Package.login -->
