<?xml version="1.0" encoding="UTF-8"?>
<!-- Generated by org.testng.reporters.JUnitReportReporter -->
<testsuite skipped="0" hostname="SHARU-PC" name="Authentication_Package.registration" tests="1" failures="0" timestamp="2022-02-20T17:52:23 IST" time="44.884" errors="0">
  <testcase name="reg" time="44.884" classname="Authentication_Package.registration"/>
  <system-out/>
</testsuite> <!-- Authentication_Package.registration -->
